2023-05-07 16:29:53.653  INFO [32m[][0;39m 72826 --- [restartedMain] c.y.p.StartProviderDept8001Application   : Starting StartProviderDept8001Application on MBPro with PID 72826 (started by huruiyi in /Users/huruiyi/Downloads/Spring Cloud开发实战（视频讲解版）/source/02_第02章：SpringCloud编程起步/0210_【理解】Swagger安全配置/microcloud)
2023-05-07 16:29:53.654  INFO [32m[][0;39m 72826 --- [restartedMain] c.y.p.StartProviderDept8001Application   : No active profile set, falling back to default profiles: default
2023-05-07 16:29:53.692  INFO [32m[][0;39m 72826 --- [restartedMain] .e.DevToolsPropertyDefaultsPostProcessor : Devtools property defaults active! Set 'spring.devtools.add-properties' to 'false' to disable
2023-05-07 16:29:53.693  INFO [32m[][0;39m 72826 --- [restartedMain] .e.DevToolsPropertyDefaultsPostProcessor : For additional web related logging consider setting the 'logging.level.web' property to 'DEBUG'
2023-05-07 16:29:55.223  INFO [32m[][0;39m 72826 --- [restartedMain] o.s.b.w.embedded.tomcat.TomcatWebServer  : Tomcat initialized with port(s): 8001 (http)
2023-05-07 16:29:55.234  INFO [32m[][0;39m 72826 --- [restartedMain] o.a.coyote.http11.Http11NioProtocol      : Initializing ProtocolHandler ["http-nio-8001"]
2023-05-07 16:29:55.235  INFO [32m[][0;39m 72826 --- [restartedMain] o.apache.catalina.core.StandardService   : Starting service [Tomcat]
2023-05-07 16:29:55.235  INFO [32m[][0;39m 72826 --- [restartedMain] org.apache.catalina.core.StandardEngine  : Starting Servlet engine: [Apache Tomcat/9.0.31]
2023-05-07 16:29:55.309  INFO [32m[][0;39m 72826 --- [restartedMain] o.a.c.c.C.[Tomcat].[localhost].[/]       : Initializing Spring embedded WebApplicationContext
2023-05-07 16:29:55.309  INFO [32m[][0;39m 72826 --- [restartedMain] o.s.web.context.ContextLoader            : Root WebApplicationContext: initialization completed in 1616 ms
2023-05-07 16:29:55.363  INFO [32m[][0;39m 72826 --- [restartedMain] o.s.boot.web.servlet.RegistrationBean    : Filter webStatFilter was not registered (possibly already registered?)
2023-05-07 16:29:55.365  INFO [32m[][0;39m 72826 --- [restartedMain] o.s.boot.web.servlet.RegistrationBean    : Servlet statViewServlet was not registered (possibly already registered?)
2023-05-07 16:29:55.459  INFO [32m[][0;39m 72826 --- [restartedMain] c.a.d.s.b.a.DruidDataSourceAutoConfigure : Init DruidDataSource
2023-05-07 16:29:56.025  INFO [32m[][0;39m 72826 --- [restartedMain] com.alibaba.druid.pool.DruidDataSource   : {dataSource-1} inited
2023-05-07 16:29:56.668  INFO [32m[][0;39m 72826 --- [restartedMain] o.s.s.concurrent.ThreadPoolTaskExecutor  : Initializing ExecutorService 'applicationTaskExecutor'
2023-05-07 16:29:56.703  INFO [32m[][0;39m 72826 --- [restartedMain] o.s.b.d.a.OptionalLiveReloadServer       : LiveReload server is running on port 35729
2023-05-07 16:29:56.924  INFO [32m[][0;39m 72826 --- [restartedMain] o.s.s.web.DefaultSecurityFilterChain     : Creating filter chain: any request, [org.springframework.security.web.context.request.async.WebAsyncManagerIntegrationFilter@7bcd4621, org.springframework.security.web.context.SecurityContextPersistenceFilter@23d73964, org.springframework.security.web.header.HeaderWriterFilter@4928c66, org.springframework.security.web.authentication.logout.LogoutFilter@7ebb118d, org.springframework.security.web.authentication.UsernamePasswordAuthenticationFilter@795eacc3, org.springframework.security.web.authentication.ui.DefaultLoginPageGeneratingFilter@7826e05, org.springframework.security.web.authentication.ui.DefaultLogoutPageGeneratingFilter@32ba1d4f, org.springframework.security.web.authentication.www.BasicAuthenticationFilter@1e5fd782, org.springframework.security.web.savedrequest.RequestCacheAwareFilter@4477431, org.springframework.security.web.servletapi.SecurityContextHolderAwareRequestFilter@6d772789, org.springframework.security.web.authentication.AnonymousAuthenticationFilter@50060114, org.springframework.security.web.session.SessionManagementFilter@6b02999a, org.springframework.security.web.access.ExceptionTranslationFilter@3ac9507f, org.springframework.security.web.access.intercept.FilterSecurityInterceptor@8253d5e]
2023-05-07 16:29:57.191  WARN [33m[][0;39m 72826 --- [restartedMain] d.s.r.o.OperationImplicitParameterReader : Unable to interpret the implicit parameter configuration with dataType: DeptDTO, dataTypeClass: class java.lang.Void
2023-05-07 16:29:57.230  WARN [33m[][0;39m 72826 --- [restartedMain] d.s.r.o.OperationImplicitParameterReader : Unable to interpret the implicit parameter configuration with dataType: int, dataTypeClass: class java.lang.Void
2023-05-07 16:29:57.231  WARN [33m[][0;39m 72826 --- [restartedMain] d.s.r.o.OperationImplicitParameterReader : Unable to interpret the implicit parameter configuration with dataType: int, dataTypeClass: class java.lang.Void
2023-05-07 16:29:57.231  WARN [33m[][0;39m 72826 --- [restartedMain] d.s.r.o.OperationImplicitParameterReader : Unable to interpret the implicit parameter configuration with dataType: String, dataTypeClass: class java.lang.Void
2023-05-07 16:29:57.232  WARN [33m[][0;39m 72826 --- [restartedMain] d.s.r.o.OperationImplicitParameterReader : Unable to interpret the implicit parameter configuration with dataType: String, dataTypeClass: class java.lang.Void
2023-05-07 16:29:57.265  INFO [32m[][0;39m 72826 --- [restartedMain] o.a.coyote.http11.Http11NioProtocol      : Starting ProtocolHandler ["http-nio-8001"]
2023-05-07 16:29:57.289  INFO [32m[][0;39m 72826 --- [restartedMain] o.s.b.w.embedded.tomcat.TomcatWebServer  : Tomcat started on port(s): 8001 (http) with context path ''
2023-05-07 16:29:57.293  INFO [32m[][0;39m 72826 --- [restartedMain] c.y.p.StartProviderDept8001Application   : Started StartProviderDept8001Application in 4.082 seconds (JVM running for 4.798)
